Using pre-set license

 COMMAND LINE ARGUMENTS:
/Applications/Unity/Unity.app/Contents/MacOS/Unity
-adb2
-batchMode
-noUpm
-name
AssetImportWorker0
-projectPath
/Users/jondal/Documents/Development/VR Tatsuya
-logFile
Logs/AssetImportWorker0.log
-srvPort
51515
Successfully changed project path to: /Users/jondal/Documents/Development/VR Tatsuya
/Users/jondal/Documents/Development/VR Tatsuya
Using Asset Import Pipeline V2.
Refreshing native plugins compatible for Editor in 40.74 ms, found 2 plugins.
Preloading 0 native plugins for Editor in 0.00 ms.
Initialize engine version: 2020.3.16f1 (049d6eca3c44)
[Subsystems] Discovering subsystems at path /Applications/Unity/Unity.app/Contents/Resources/UnitySubsystems
[Subsystems] Discovering subsystems at path /Users/jondal/Documents/Development/VR Tatsuya/Assets
GfxDevice: creating device client; threaded=0
2021-11-21 16:07:29.331 Unity[13665:153821] Color LCD preferred device: AMD Radeon Pro 560 (high power)
2021-11-21 16:07:29.331 Unity[13665:153821] Metal devices available: 2
2021-11-21 16:07:29.331 Unity[13665:153821] 0: AMD Radeon Pro 560 (high power)
2021-11-21 16:07:29.331 Unity[13665:153821] 1: Intel(R) HD Graphics 630 (low power)
2021-11-21 16:07:29.332 Unity[13665:153821] Using device AMD Radeon Pro 560 (high power)
Initializing Metal device caps: AMD Radeon Pro 560
Initialize mono
Mono path[0] = '/Applications/Unity/Unity.app/Contents/Managed'
Mono path[1] = '/Applications/Unity/Unity.app/Contents/MonoBleedingEdge/lib/mono/unityjit'
Mono config path = '/Applications/Unity/Unity.app/Contents/MonoBleedingEdge/etc'
Using monoOptions --debugger-agent=transport=dt_socket,embedding=1,server=y,suspend=n,address=127.0.0.1:56665
Begin MonoManager ReloadAssembly
Error scanning for extension ivy.xml files: System.UnauthorizedAccessException: Access to the path '/Applications/Unity/PlaybackEngines/WebGLSupport/BuildTools/Emscripten_Mac/node' is denied.
  at System.IO.__Error.WinIOError (System.Int32 errorCode, System.String maybeFullPath) [0x00129] in <695d1cc93cca45069c528c15c9fdd749>:0 
  at System.IO.FileSystemEnumerableIterator`1[TSource].HandleError (System.Int32 hr, System.String path) [0x00006] in <695d1cc93cca45069c528c15c9fdd749>:0 
  at System.IO.FileSystemEnumerableIterator`1[TSource].AddSearchableDirsToStack (System.IO.Directory+SearchData localSearchData) [0x00053] in <695d1cc93cca45069c528c15c9fdd749>:0 
  at System.IO.FileSystemEnumerableIterator`1[TSource].MoveNext () [0x0008e] in <695d1cc93cca45069c528c15c9fdd749>:0 
  at System.Collections.Generic.List`1[T]..ctor (System.Collections.Generic.IEnumerable`1[T] collection) [0x00077] in <695d1cc93cca45069c528c15c9fdd749>:0 
  at System.IO.Directory.InternalGetFileDirectoryNames (System.String path, System.String userPathOriginal, System.String searchPattern, System.Boolean includeFiles, System.Boolean includeDirs, System.IO.SearchOption searchOption, System.Boolean checkHost) [0x0000f] in <695d1cc93cca45069c528c15c9fdd749>:0 
  at System.IO.Directory.InternalGetFiles (System.String path, System.String searchPattern, System.IO.SearchOption searchOption) [0x00000] in <695d1cc93cca45069c528c15c9fdd749>:0 
  at System.IO.Directory.GetFiles (System.String path, System.String searchPattern, System.IO.SearchOption searchOption) [0x00038] in <695d1cc93cca45069c528c15c9fdd749>:0 
  at UnityEditor.Modules.ModuleManager.LoadLegacyExtensionsFromIvyFiles () [0x000a5] in /Users/bokken/buildslave/unity/build/Editor/Mono/Modules/ModuleManager.cs:253 
Registering precompiled unity dll's ...
Register platform support module: /Applications/Unity/PlaybackEngines/WebGLSupport/UnityEditor.WebGL.Extensions.dll
Register platform support module: /Applications/Unity/Unity.app/Contents/PlaybackEngines/MacStandaloneSupport/UnityEditor.OSXStandalone.Extensions.dll
Registered in 0.000684 seconds.
Native extension for OSXStandalone target not found
Native extension for WebGL target not found
Refreshing native plugins compatible for Editor in 33.43 ms, found 2 plugins.
Preloading 0 native plugins for Editor in 0.00 ms.
Mono: successfully reloaded assembly
- Completed reload, in  2.421 seconds
Domain Reload Profiling:
	ReloadAssembly (2421ms)
		BeginReloadAssembly (41ms)
			ExecutionOrderSort (0ms)
			DisableScriptedObjects (0ms)
			BackupInstance (0ms)
			ReleaseScriptingObjects (0ms)
			CreateAndSetChildDomain (1ms)
		EndReloadAssembly (521ms)
			LoadAssemblies (40ms)
			RebuildTransferFunctionScriptingTraits (0ms)
			SetupTypeCache (193ms)
			ReleaseScriptCaches (0ms)
			RebuildScriptCaches (42ms)
			SetupLoadedEditorAssemblies (203ms)
				LogAssemblyErrors (0ms)
				InitializePlatformSupportModulesInManaged (6ms)
				SetLoadedEditorAssemblies (0ms)
				RefreshPlugins (33ms)
				BeforeProcessingInitializeOnLoad (8ms)
				ProcessInitializeOnLoadAttributes (112ms)
				ProcessInitializeOnLoadMethodAttributes (42ms)
				AfterProcessingInitializeOnLoad (0ms)
				EditorAssembliesLoaded (0ms)
			ExecutionOrderSort2 (0ms)
			AwakeInstancesAfterBackupRestoration (0ms)
Platform modules already initialized, skipping
Registering precompiled user dll's ...
Registered in 0.002688 seconds.
Begin MonoManager ReloadAssembly
Native extension for OSXStandalone target not found
Native extension for WebGL target not found
Refreshing native plugins compatible for Editor in 0.46 ms, found 2 plugins.
Preloading 0 native plugins for Editor in 0.00 ms.
Mono: successfully reloaded assembly
- Completed reload, in  1.294 seconds
Domain Reload Profiling:
	ReloadAssembly (1294ms)
		BeginReloadAssembly (161ms)
			ExecutionOrderSort (0ms)
			DisableScriptedObjects (5ms)
			BackupInstance (0ms)
			ReleaseScriptingObjects (0ms)
			CreateAndSetChildDomain (26ms)
		EndReloadAssembly (1064ms)
			LoadAssemblies (76ms)
			RebuildTransferFunctionScriptingTraits (0ms)
			SetupTypeCache (353ms)
			ReleaseScriptCaches (0ms)
			RebuildScriptCaches (61ms)
			SetupLoadedEditorAssemblies (429ms)
				LogAssemblyErrors (0ms)
				InitializePlatformSupportModulesInManaged (6ms)
				SetLoadedEditorAssemblies (0ms)
				RefreshPlugins (0ms)
				BeforeProcessingInitializeOnLoad (63ms)
				ProcessInitializeOnLoadAttributes (353ms)
				ProcessInitializeOnLoadMethodAttributes (4ms)
				AfterProcessingInitializeOnLoad (1ms)
				EditorAssembliesLoaded (0ms)
			ExecutionOrderSort2 (0ms)
			AwakeInstancesAfterBackupRestoration (7ms)
Platform modules already initialized, skipping
========================================================================
Worker process is ready to serve import requests
Launching external process: /Applications/Unity/Unity.app/Contents/Tools/UnityShaderCompiler
Launched and connected shader compiler UnityShaderCompiler after 0.01 seconds
Refreshing native plugins compatible for Editor in 0.46 ms, found 2 plugins.
Preloading 0 native plugins for Editor in 0.00 ms.
Unloading 1507 Unused Serialized files (Serialized files now loaded: 0)
System memory in use before: 177.6 MB.
System memory in use after: 177.7 MB.

Unloading 19 unused Assets to reduce memory usage. Loaded Objects now: 1951.
Total: 3.656408 ms (FindLiveObjects: 0.209523 ms CreateObjectMapping: 0.054498 ms MarkObjects: 3.294793 ms  DeleteObjects: 0.096131 ms)

AssetImportParameters requested are different than current active one (requested -> active):
  custom:video-decoder-ogg-theora: a1e56fd34408186e4bbccfd4996cb3dc -> 
  custom:container-muxer-webm: aa71ff27fc2769a1b78a27578f13a17b -> 
  custom:container-demuxer-webm: 4f35f7cbe854078d1ac9338744f61a02 -> 
  custom:container-demuxer-ogg: 62fdf1f143b41e24485cea50d1cbac27 -> 
  custom:video-encoder-webm-vp8: eb34c28f22e8b96e1ab97ce403110664 -> 
  custom:framework-osx-AVFoundation: e770b220cccbd017edd2c1fefb359320 -> 
  custom:video-decoder-webm-vp8: 9c59270c3fd7afecdb556c50c9e8de78 -> 
  custom:audio-decoder-ogg-vorbis: bf7c407c2cedff20999df2af8eb42d56 -> 
  custom:audio-encoder-webm-vorbis: bf7c407c2cedff20999df2af8eb42d56 -> 
========================================================================
Received Import Request.
  path: Assets/PickUp.cs
  artifactKey: Guid(ae83e910897f64377b5ee2c7dd6ea449) Importer(815301076,1909f56bfc062723c751e8b465ee728b)
Start importing Assets/PickUp.cs using Guid(ae83e910897f64377b5ee2c7dd6ea449) Importer(815301076,1909f56bfc062723c751e8b465ee728b)  -> (artifact id: '6f40618971ea0acead8f66ad013cd903') in 0.446455 seconds 
  Import took 0.450083 seconds .

========================================================================
Received Import Request.
  Time since last request: 359.594732 seconds.
  path: Assets/PickUp.cs
  artifactKey: Guid(ae83e910897f64377b5ee2c7dd6ea449) Importer(815301076,1909f56bfc062723c751e8b465ee728b)
Start importing Assets/PickUp.cs using Guid(ae83e910897f64377b5ee2c7dd6ea449) Importer(815301076,1909f56bfc062723c751e8b465ee728b)  -> (artifact id: 'b11e2c41206fd1323bd7d82ef0f71215') in 0.002374 seconds 
  Import took 0.005499 seconds .

========================================================================
Received Prepare
Registering precompiled user dll's ...
Registered in 0.008790 seconds.
Begin MonoManager ReloadAssembly
Native extension for OSXStandalone target not found
Native extension for WebGL target not found
Refreshing native plugins compatible for Editor in 0.46 ms, found 2 plugins.
Preloading 0 native plugins for Editor in 0.00 ms.
Mono: successfully reloaded assembly
- Completed reload, in  1.232 seconds
Domain Reload Profiling:
	ReloadAssembly (1232ms)
		BeginReloadAssembly (111ms)
			ExecutionOrderSort (0ms)
			DisableScriptedObjects (5ms)
			BackupInstance (0ms)
			ReleaseScriptingObjects (0ms)
			CreateAndSetChildDomain (50ms)
		EndReloadAssembly (1045ms)
			LoadAssemblies (78ms)
			RebuildTransferFunctionScriptingTraits (0ms)
			SetupTypeCache (370ms)
			ReleaseScriptCaches (1ms)
			RebuildScriptCaches (51ms)
			SetupLoadedEditorAssemblies (408ms)
				LogAssemblyErrors (0ms)
				InitializePlatformSupportModulesInManaged (7ms)
				SetLoadedEditorAssemblies (0ms)
				RefreshPlugins (0ms)
				BeforeProcessingInitializeOnLoad (56ms)
				ProcessInitializeOnLoadAttributes (339ms)
				ProcessInitializeOnLoadMethodAttributes (4ms)
				AfterProcessingInitializeOnLoad (1ms)
				EditorAssembliesLoaded (0ms)
			ExecutionOrderSort2 (0ms)
			AwakeInstancesAfterBackupRestoration (8ms)
Platform modules already initialized, skipping
Refreshing native plugins compatible for Editor in 0.50 ms, found 2 plugins.
Preloading 0 native plugins for Editor in 0.00 ms.
Unloading 1488 Unused Serialized files (Serialized files now loaded: 0)
System memory in use before: 181.4 MB.
System memory in use after: 181.5 MB.

Unloading 14 unused Assets to reduce memory usage. Loaded Objects now: 1954.
Total: 3.552210 ms (FindLiveObjects: 0.169156 ms CreateObjectMapping: 0.043291 ms MarkObjects: 3.319144 ms  DeleteObjects: 0.019470 ms)

AssetImportParameters requested are different than current active one (requested -> active):
  custom:video-decoder-ogg-theora: a1e56fd34408186e4bbccfd4996cb3dc -> 
  custom:container-muxer-webm: aa71ff27fc2769a1b78a27578f13a17b -> 
  custom:container-demuxer-webm: 4f35f7cbe854078d1ac9338744f61a02 -> 
  custom:container-demuxer-ogg: 62fdf1f143b41e24485cea50d1cbac27 -> 
  custom:video-encoder-webm-vp8: eb34c28f22e8b96e1ab97ce403110664 -> 
  custom:framework-osx-AVFoundation: e770b220cccbd017edd2c1fefb359320 -> 
  custom:video-decoder-webm-vp8: 9c59270c3fd7afecdb556c50c9e8de78 -> 
  custom:audio-decoder-ogg-vorbis: bf7c407c2cedff20999df2af8eb42d56 -> 
  custom:audio-encoder-webm-vorbis: bf7c407c2cedff20999df2af8eb42d56 -> 
========================================================================
Received Import Request.
  Time since last request: 2205.677560 seconds.
  path: Assets/OutlineEffect
  artifactKey: Guid(5bfcbd304a32245779433c3e1437f2ea) Importer(815301076,1909f56bfc062723c751e8b465ee728b)
Start importing Assets/OutlineEffect using Guid(5bfcbd304a32245779433c3e1437f2ea) Importer(815301076,1909f56bfc062723c751e8b465ee728b)  -> (artifact id: '1bc8dc7d8f06a4ae3afa07957805c91a') in 0.005700 seconds 
  Import took 0.008700 seconds .

========================================================================
Received Import Request.
  Time since last request: 1.062675 seconds.
  path: Assets/OutlineEffect/OutlineEffect.asmdef
  artifactKey: Guid(5ad926ab5ff9d914ea1f6812dfd6f07a) Importer(815301076,1909f56bfc062723c751e8b465ee728b)
Start importing Assets/OutlineEffect/OutlineEffect.asmdef using Guid(5ad926ab5ff9d914ea1f6812dfd6f07a) Importer(815301076,1909f56bfc062723c751e8b465ee728b)  -> (artifact id: 'cf643436e7cd19d646704943c83589ff') in 1.300727 seconds 
  Import took 1.304193 seconds .

========================================================================
Received Import Request.
  Time since last request: 174.078142 seconds.
  path: Assets/QuickOutline/Readme.txt
  artifactKey: Guid(5933bfd39d7a5b843a0ed821f85bca19) Importer(815301076,1909f56bfc062723c751e8b465ee728b)
Start importing Assets/QuickOutline/Readme.txt using Guid(5933bfd39d7a5b843a0ed821f85bca19) Importer(815301076,1909f56bfc062723c751e8b465ee728b)  -> (artifact id: 'c03cf9dd9eeb275098a78acf3a99ddd3') in 2.494127 seconds 
  Import took 2.496972 seconds .

========================================================================
Received Import Request.
  Time since last request: 1082.942172 seconds.
  path: Assets
  artifactKey: Guid(00000000000000001000000000000000) Importer(815301076,1909f56bfc062723c751e8b465ee728b)
Start importing Assets using Guid(00000000000000001000000000000000) Importer(815301076,1909f56bfc062723c751e8b465ee728b)  -> (artifact id: '42d402b061de3733987d63b9cc3b64de') in 0.002214 seconds 
  Import took 0.005745 seconds .

========================================================================
Received Import Request.
  Time since last request: 12.555266 seconds.
  path: Assets/PickUp.cs
  artifactKey: Guid(ae83e910897f64377b5ee2c7dd6ea449) Importer(815301076,1909f56bfc062723c751e8b465ee728b)
Start importing Assets/PickUp.cs using Guid(ae83e910897f64377b5ee2c7dd6ea449) Importer(815301076,1909f56bfc062723c751e8b465ee728b)  -> (artifact id: '16a027f3bc387d75f467593799f2ff7b') in 0.001898 seconds 
  Import took 0.004782 seconds .

========================================================================
Received Import Request.
  Time since last request: 23.089961 seconds.
  path: Assets/Collision.cs
  artifactKey: Guid(c28ecebed4baa47429cd5e3c210a91f0) Importer(815301076,1909f56bfc062723c751e8b465ee728b)
Start importing Assets/Collision.cs using Guid(c28ecebed4baa47429cd5e3c210a91f0) Importer(815301076,1909f56bfc062723c751e8b465ee728b)  -> (artifact id: 'c6feda0005113422683abef9607b91b9') in 0.003567 seconds 
  Import took 0.007073 seconds .

========================================================================
Received Import Request.
  Time since last request: 83.828349 seconds.
  path: Assets/Collision.cs
  artifactKey: Guid(c28ecebed4baa47429cd5e3c210a91f0) Importer(815301076,1909f56bfc062723c751e8b465ee728b)
Start importing Assets/Collision.cs using Guid(c28ecebed4baa47429cd5e3c210a91f0) Importer(815301076,1909f56bfc062723c751e8b465ee728b)  -> (artifact id: 'afc3e6b9a5cf43cdb05cb213537738db') in 0.002251 seconds 
  Import took 0.005082 seconds .

========================================================================
Received Import Request.
  Time since last request: 41.748725 seconds.
  path: Assets/CollisionDetection.cs
  artifactKey: Guid(c28ecebed4baa47429cd5e3c210a91f0) Importer(815301076,1909f56bfc062723c751e8b465ee728b)
Start importing Assets/CollisionDetection.cs using Guid(c28ecebed4baa47429cd5e3c210a91f0) Importer(815301076,1909f56bfc062723c751e8b465ee728b)  -> (artifact id: '00aae79c29df2556859e3698456364da') in 0.003973 seconds 
  Import took 0.007663 seconds .

========================================================================
Received Import Request.
  Time since last request: 45.135220 seconds.
  path: Assets/PickUp.cs
  artifactKey: Guid(ae83e910897f64377b5ee2c7dd6ea449) Importer(815301076,1909f56bfc062723c751e8b465ee728b)
Start importing Assets/PickUp.cs using Guid(ae83e910897f64377b5ee2c7dd6ea449) Importer(815301076,1909f56bfc062723c751e8b465ee728b)  -> (artifact id: 'b218cb6f5cbe35a8142daf2a2d9a6a41') in 0.001864 seconds 
  Import took 0.005267 seconds .

